
------------------------------------------------------------
Sun Apr 19 2026 22:09:26 GMT+0000 (Coordinated Universal Time)

2026-04-19T22:05:46.459354688Z /home/node/index.js:14
2026-04-19T22:05:46.459450822Z   throw new Error("Missing credentials! Check your .env file.");
2026-04-19T22:05:46.459465570Z   ^
2026-04-19T22:05:46.459477813Z 
2026-04-19T22:05:46.459489275Z Error: Missing credentials! Check your .env file.
2026-04-19T22:05:46.459500888Z     at Object.<anonymous> [90m(/home/node/[39mindex.js:14:9[90m)[39m
2026-04-19T22:05:46.459514093Z [90m    at Module._compile (node:internal/modules/cjs/loader:1730:14)[39m
2026-04-19T22:05:46.459525996Z [90m    at Object..js (node:internal/modules/cjs/loader:1895:10)[39m
2026-04-19T22:05:46.459538089Z [90m    at Module.load (node:internal/modules/cjs/loader:1465:32)[39m
2026-04-19T22:05:46.459549851Z [90m    at Function._load (node:internal/modules/cjs/loader:1282:12)[39m
2026-04-19T22:05:46.459561473Z [90m    at TracingChannel.traceSync (node:diagnostics_channel:322:14)[39m
2026-04-19T22:05:46.459573056Z [90m    at wrapModuleLoad (node:internal/modules/cjs/loader:235:24)[39m
2026-04-19T22:05:46.459584668Z [90m    at Function.executeUserEntryPoint [as runMain] (node:internal/modules/run_main:171:5)[39m
2026-04-19T22:05:46.459596350Z [90m    at node:internal/main/run_main_module:36:49[39m
2026-04-19T22:05:46.459608002Z 
2026-04-19T22:05:46.459619204Z Node.js v22.17.1
2026-04-19T22:07:31.948825255Z /home/node/index.js:14
2026-04-19T22:07:31.949437304Z   throw new Error("Missing credentials! Check your .env file.");
2026-04-19T22:07:31.949459035Z   ^
2026-04-19T22:07:31.949464626Z 
2026-04-19T22:07:31.949469876Z Error: Missing credentials! Check your .env file.
2026-04-19T22:07:31.949475126Z     at Object.<anonymous> [90m(/home/node/[39mindex.js:14:9[90m)[39m
2026-04-19T22:07:31.949481458Z [90m    at Module._compile (node:internal/modules/cjs/loader:1730:14)[39m
2026-04-19T22:07:31.949486618Z [90m    at Object..js (node:internal/modules/cjs/loader:1895:10)[39m
2026-04-19T22:07:31.949491648Z [90m    at Module.load (node:internal/modules/cjs/loader:1465:32)[39m
2026-04-19T22:07:31.949496878Z [90m    at Function._load (node:internal/modules/cjs/loader:1282:12)[39m
2026-04-19T22:07:31.949501857Z [90m    at TracingChannel.traceSync (node:diagnostics_channel:322:14)[39m
2026-04-19T22:07:31.949507167Z [90m    at wrapModuleLoad (node:internal/modules/cjs/loader:235:24)[39m
2026-04-19T22:07:31.949512287Z [90m    at Function.executeUserEntryPoint [as runMain] (node:internal/modules/run_main:171:5)[39m
2026-04-19T22:07:31.949517237Z [90m    at node:internal/main/run_main_module:36:49[39m
2026-04-19T22:07:31.949522106Z 
2026-04-19T22:07:31.949545791Z Node.js v22.17.1
